
*** Running vivado
    with args -log open_list_queue.vdi -applog -m64 -product Vivado -messageDb vivado.pb -mode batch -source open_list_queue.tcl -notrace



****** Vivado v2024.1.1 (64-bit)
  **** SW Build 5094488 on Fri Jun 14 08:59:21 MDT 2024
  **** IP Build 5091682 on Fri Jun 14 16:55:04 MDT 2024
  **** SharedData Build 5094118 on Fri Jun 14 01:09:43 MDT 2024
  **** Start of session at: Thu Aug  1 14:07:38 2024
    ** Copyright 1986-2022 Xilinx, Inc. All Rights Reserved.
    ** Copyright 2022-2024 Advanced Micro Devices, Inc. All Rights Reserved.

source open_list_queue.tcl -notrace
create_project: Time (s): cpu = 00:00:15 ; elapsed = 00:00:16 . Memory (MB): peak = 539.316 ; gain = 196.805
Command: link_design -top open_list_queue -part xc7a35tcpg236-1
Design is defaulting to srcset: sources_1
Design is defaulting to constrset: constrs_1
INFO: [Device 21-403] Loading part xc7a35tcpg236-1
INFO: [Device 21-9227] Part: xc7a35tcpg236-1 does not have CEAM library.
Netlist sorting complete. Time (s): cpu = 00:00:00 ; elapsed = 00:00:00.010 . Memory (MB): peak = 948.016 ; gain = 0.000
INFO: [Netlist 29-17] Analyzing 68 Unisim elements for replacement
INFO: [Netlist 29-28] Unisim Transformation completed in 0 CPU seconds
WARNING: [Netlist 29-101] Netlist 'open_list_queue' is not ideal for floorplanning, since the cellview 'open_list_queue' contains a large number of primitives.  Please consider enabling hierarchy in synthesis if you want to do floorplanning.
INFO: [Project 1-479] Netlist was created with Vivado 2024.1.1
INFO: [Project 1-570] Preparing netlist for logic optimization
Parsing XDC File [C:/Mac/Home/Documents/Vivado/zhou_2020_hwpq/zhou_2020_hwpq.srcs/constrs_1/imports/Downloads/Basys3_Master.xdc]
Finished Parsing XDC File [C:/Mac/Home/Documents/Vivado/zhou_2020_hwpq/zhou_2020_hwpq.srcs/constrs_1/imports/Downloads/Basys3_Master.xdc]
INFO: [Opt 31-138] Pushed 0 inverter(s) to 0 load pin(s).
Netlist sorting complete. Time (s): cpu = 00:00:00 ; elapsed = 00:00:00 . Memory (MB): peak = 1080.828 ; gain = 0.000
INFO: [Project 1-111] Unisim Transformation Summary:
No Unisim elements were transformed.

8 Infos, 1 Warnings, 0 Critical Warnings and 0 Errors encountered.
link_design completed successfully
link_design: Time (s): cpu = 00:00:15 ; elapsed = 00:00:16 . Memory (MB): peak = 1084.848 ; gain = 545.531
Command: opt_design
Attempting to get a license for feature 'Implementation' and/or device 'xc7a35t'
INFO: [Common 17-349] Got license for feature 'Implementation' and/or device 'xc7a35t'
Running DRC as a precondition to command opt_design

Starting DRC Task
INFO: [DRC 23-27] Running DRC with 2 threads
INFO: [Project 1-461] DRC finished with 0 Errors
INFO: [Project 1-462] Please refer to the DRC report (report_drc) for more information.

Time (s): cpu = 00:00:06 ; elapsed = 00:00:04 . Memory (MB): peak = 1109.012 ; gain = 24.164

Starting Cache Timing Information Task
INFO: [Timing 38-35] Done setting XDC timing constraints.
Ending Cache Timing Information Task | Checksum: 1b1b78ef4

Time (s): cpu = 00:00:31 ; elapsed = 00:00:32 . Memory (MB): peak = 1657.809 ; gain = 548.797

Starting Logic Optimization Task

Phase 1 Initialization

Phase 1.1 Core Generation And Design Setup
Phase 1.1 Core Generation And Design Setup | Checksum: 1b1b78ef4

Time (s): cpu = 00:00:00 ; elapsed = 00:00:00.003 . Memory (MB): peak = 2039.406 ; gain = 0.000

Phase 1.2 Setup Constraints And Sort Netlist
Phase 1.2 Setup Constraints And Sort Netlist | Checksum: 1b1b78ef4

Time (s): cpu = 00:00:00 ; elapsed = 00:00:00.005 . Memory (MB): peak = 2039.406 ; gain = 0.000
Phase 1 Initialization | Checksum: 1b1b78ef4

Time (s): cpu = 00:00:00 ; elapsed = 00:00:00.006 . Memory (MB): peak = 2039.406 ; gain = 0.000

Phase 2 Timer Update And Timing Data Collection

Phase 2.1 Timer Update
Phase 2.1 Timer Update | Checksum: 1b1b78ef4

Time (s): cpu = 00:00:00 ; elapsed = 00:00:00.047 . Memory (MB): peak = 2039.406 ; gain = 0.000

Phase 2.2 Timing Data Collection
Phase 2.2 Timing Data Collection | Checksum: 1b1b78ef4

Time (s): cpu = 00:00:00 ; elapsed = 00:00:00.060 . Memory (MB): peak = 2039.406 ; gain = 0.000
Phase 2 Timer Update And Timing Data Collection | Checksum: 1b1b78ef4

Time (s): cpu = 00:00:00 ; elapsed = 00:00:00.061 . Memory (MB): peak = 2039.406 ; gain = 0.000

Phase 3 Retarget
INFO: [Opt 31-1834] Total Chains To Be Transformed Were: 0 AND Number of Transformed insts Created are: 0
INFO: [Opt 31-138] Pushed 0 inverter(s) to 0 load pin(s).
INFO: [Opt 31-49] Retargeted 0 cell(s).
Phase 3 Retarget | Checksum: 1b1b78ef4

Time (s): cpu = 00:00:00 ; elapsed = 00:00:00.085 . Memory (MB): peak = 2039.406 ; gain = 0.000
Retarget | Checksum: 1b1b78ef4
INFO: [Opt 31-389] Phase Retarget created 0 cells and removed 0 cells

Phase 4 Constant propagation
INFO: [Opt 31-138] Pushed 0 inverter(s) to 0 load pin(s).
Phase 4 Constant propagation | Checksum: 1b1b78ef4

Time (s): cpu = 00:00:00 ; elapsed = 00:00:00.097 . Memory (MB): peak = 2039.406 ; gain = 0.000
Constant propagation | Checksum: 1b1b78ef4
INFO: [Opt 31-389] Phase Constant propagation created 0 cells and removed 0 cells

Phase 5 Sweep
Phase 5 Sweep | Checksum: 21f2036d8

Time (s): cpu = 00:00:00 ; elapsed = 00:00:00.125 . Memory (MB): peak = 2039.406 ; gain = 0.000
Sweep | Checksum: 21f2036d8
INFO: [Opt 31-389] Phase Sweep created 32 cells and removed 0 cells

Phase 6 BUFG optimization
Phase 6 BUFG optimization | Checksum: 21f2036d8

Time (s): cpu = 00:00:00 ; elapsed = 00:00:00.309 . Memory (MB): peak = 2039.406 ; gain = 0.000
BUFG optimization | Checksum: 21f2036d8
INFO: [Opt 31-662] Phase BUFG optimization created 0 cells of which 0 are BUFGs and removed 0 cells.

Phase 7 Shift Register Optimization
INFO: [Opt 31-1064] SRL Remap converted 0 SRLs to 0 registers and converted 0 registers of register chains to 0 SRLs
Phase 7 Shift Register Optimization | Checksum: 21f2036d8

Time (s): cpu = 00:00:00 ; elapsed = 00:00:00.313 . Memory (MB): peak = 2039.406 ; gain = 0.000
Shift Register Optimization | Checksum: 21f2036d8
INFO: [Opt 31-389] Phase Shift Register Optimization created 0 cells and removed 0 cells

Phase 8 Post Processing Netlist
Phase 8 Post Processing Netlist | Checksum: 21f2036d8

Time (s): cpu = 00:00:00 ; elapsed = 00:00:00.317 . Memory (MB): peak = 2039.406 ; gain = 0.000
Post Processing Netlist | Checksum: 21f2036d8
INFO: [Opt 31-389] Phase Post Processing Netlist created 0 cells and removed 0 cells

Phase 9 Finalization

Phase 9.1 Finalizing Design Cores and Updating Shapes
Phase 9.1 Finalizing Design Cores and Updating Shapes | Checksum: 1e5d03232

Time (s): cpu = 00:00:00 ; elapsed = 00:00:00.388 . Memory (MB): peak = 2039.406 ; gain = 0.000

Phase 9.2 Verifying Netlist Connectivity

Starting Connectivity Check Task

Time (s): cpu = 00:00:00 ; elapsed = 00:00:00.003 . Memory (MB): peak = 2039.406 ; gain = 0.000
Phase 9.2 Verifying Netlist Connectivity | Checksum: 1e5d03232

Time (s): cpu = 00:00:00 ; elapsed = 00:00:00.393 . Memory (MB): peak = 2039.406 ; gain = 0.000
Phase 9 Finalization | Checksum: 1e5d03232

Time (s): cpu = 00:00:00 ; elapsed = 00:00:00.394 . Memory (MB): peak = 2039.406 ; gain = 0.000
Opt_design Change Summary
=========================


-------------------------------------------------------------------------------------------------------------------------
|  Phase                        |  #Cells created  |  #Cells Removed  |  #Constrained objects preventing optimizations  |
-------------------------------------------------------------------------------------------------------------------------
|  Retarget                     |               0  |               0  |                                              0  |
|  Constant propagation         |               0  |               0  |                                              0  |
|  Sweep                        |              32  |               0  |                                              0  |
|  BUFG optimization            |               0  |               0  |                                              0  |
|  Shift Register Optimization  |               0  |               0  |                                              0  |
|  Post Processing Netlist      |               0  |               0  |                                              0  |
-------------------------------------------------------------------------------------------------------------------------


Ending Logic Optimization Task | Checksum: 1e5d03232

Time (s): cpu = 00:00:00 ; elapsed = 00:00:00.397 . Memory (MB): peak = 2039.406 ; gain = 0.000

Starting Power Optimization Task
INFO: [Pwropt 34-132] Skipping clock gating for clocks with a period < 2.00 ns.
Ending Power Optimization Task | Checksum: 1e5d03232

Time (s): cpu = 00:00:00 ; elapsed = 00:00:00.040 . Memory (MB): peak = 2039.406 ; gain = 0.000

Starting Final Cleanup Task
Ending Final Cleanup Task | Checksum: 1e5d03232

Time (s): cpu = 00:00:00 ; elapsed = 00:00:00.001 . Memory (MB): peak = 2039.406 ; gain = 0.000

Starting Netlist Obfuscation Task
Netlist sorting complete. Time (s): cpu = 00:00:00 ; elapsed = 00:00:00 . Memory (MB): peak = 2039.406 ; gain = 0.000
Ending Netlist Obfuscation Task | Checksum: 1e5d03232

Time (s): cpu = 00:00:00 ; elapsed = 00:00:00.001 . Memory (MB): peak = 2039.406 ; gain = 0.000
INFO: [Common 17-83] Releasing license: Implementation
26 Infos, 1 Warnings, 0 Critical Warnings and 0 Errors encountered.
opt_design completed successfully
opt_design: Time (s): cpu = 00:00:45 ; elapsed = 00:00:44 . Memory (MB): peak = 2039.406 ; gain = 954.559
INFO: [Vivado 12-24828] Executing command : report_drc -file open_list_queue_drc_opted.rpt -pb open_list_queue_drc_opted.pb -rpx open_list_queue_drc_opted.rpx
Command: report_drc -file open_list_queue_drc_opted.rpt -pb open_list_queue_drc_opted.pb -rpx open_list_queue_drc_opted.rpx
INFO: [IP_Flow 19-234] Refreshing IP repositories
INFO: [IP_Flow 19-1704] No user IP repositories specified
INFO: [IP_Flow 19-2313] Loaded Vivado IP repository 'C:/Xilinx/Vivado/2024.1/data/ip'.
INFO: [DRC 23-27] Running DRC with 2 threads
INFO: [Vivado_Tcl 2-168] The results of DRC are in file C:/Mac/Home/Documents/Vivado/zhou_2020_hwpq/zhou_2020_hwpq.runs/impl_1/open_list_queue_drc_opted.rpt.
report_drc completed successfully
report_drc: Time (s): cpu = 00:00:07 ; elapsed = 00:00:05 . Memory (MB): peak = 2039.406 ; gain = 0.000
generate_parallel_reports: Time (s): cpu = 00:00:07 ; elapsed = 00:00:05 . Memory (MB): peak = 2039.406 ; gain = 0.000
INFO: [Timing 38-480] Writing timing data to binary archive.
Write ShapeDB Complete: Time (s): cpu = 00:00:00 ; elapsed = 00:00:00.014 . Memory (MB): peak = 2039.406 ; gain = 0.000
Wrote PlaceDB: Time (s): cpu = 00:00:00 ; elapsed = 00:00:00.002 . Memory (MB): peak = 2039.406 ; gain = 0.000
Wrote PulsedLatchDB: Time (s): cpu = 00:00:00 ; elapsed = 00:00:00 . Memory (MB): peak = 2039.406 ; gain = 0.000
Writing XDEF routing.
Writing XDEF routing logical nets.
Writing XDEF routing special nets.
Wrote RouteStorage: Time (s): cpu = 00:00:01 ; elapsed = 00:00:00.300 . Memory (MB): peak = 2039.406 ; gain = 0.000
Wrote Netlist Cache: Time (s): cpu = 00:00:00 ; elapsed = 00:00:00 . Memory (MB): peak = 2039.406 ; gain = 0.000
Wrote Device Cache: Time (s): cpu = 00:00:00 ; elapsed = 00:00:00.018 . Memory (MB): peak = 2039.406 ; gain = 0.000
Write Physdb Complete: Time (s): cpu = 00:00:01 ; elapsed = 00:00:00.336 . Memory (MB): peak = 2039.406 ; gain = 0.000
INFO: [Common 17-1381] The checkpoint 'C:/Mac/Home/Documents/Vivado/zhou_2020_hwpq/zhou_2020_hwpq.runs/impl_1/open_list_queue_opt.dcp' has been generated.
Command: place_design
Attempting to get a license for feature 'Implementation' and/or device 'xc7a35t'
INFO: [Common 17-349] Got license for feature 'Implementation' and/or device 'xc7a35t'
INFO: [Common 17-83] Releasing license: Implementation
INFO: [DRC 23-27] Running DRC with 2 threads
INFO: [Vivado_Tcl 4-198] DRC finished with 0 Errors
INFO: [Vivado_Tcl 4-199] Please refer to the DRC report (report_drc) for more information.
Running DRC as a precondition to command place_design
INFO: [DRC 23-27] Running DRC with 2 threads
INFO: [Vivado_Tcl 4-198] DRC finished with 0 Errors
INFO: [Vivado_Tcl 4-199] Please refer to the DRC report (report_drc) for more information.
INFO: [Place 30-611] Multithreading enabled for place_design using a maximum of 2 CPUs

Starting Placer Task

Phase 1 Placer Initialization

Phase 1.1 Placer Initialization Netlist Sorting
Netlist sorting complete. Time (s): cpu = 00:00:00 ; elapsed = 00:00:00 . Memory (MB): peak = 2039.406 ; gain = 0.000
Phase 1.1 Placer Initialization Netlist Sorting | Checksum: 1dd9c5f27

Time (s): cpu = 00:00:00 ; elapsed = 00:00:00.004 . Memory (MB): peak = 2039.406 ; gain = 0.000
Netlist sorting complete. Time (s): cpu = 00:00:00 ; elapsed = 00:00:00 . Memory (MB): peak = 2039.406 ; gain = 0.000

Phase 1.2 IO Placement/ Clock Placement/ Build Placer Device
INFO: [Timing 38-35] Done setting XDC timing constraints.
Phase 1.2 IO Placement/ Clock Placement/ Build Placer Device | Checksum: 19ffc4fe9

Time (s): cpu = 00:00:01 ; elapsed = 00:00:00.703 . Memory (MB): peak = 2039.406 ; gain = 0.000

Phase 1.3 Build Placer Netlist Model
Phase 1.3 Build Placer Netlist Model | Checksum: 1f01de66b

Time (s): cpu = 00:00:02 ; elapsed = 00:00:01 . Memory (MB): peak = 2039.406 ; gain = 0.000

Phase 1.4 Constrain Clocks/Macros
Phase 1.4 Constrain Clocks/Macros | Checksum: 1f01de66b

Time (s): cpu = 00:00:02 ; elapsed = 00:00:01 . Memory (MB): peak = 2039.406 ; gain = 0.000
Phase 1 Placer Initialization | Checksum: 1f01de66b

Time (s): cpu = 00:00:02 ; elapsed = 00:00:01 . Memory (MB): peak = 2039.406 ; gain = 0.000

Phase 2 Global Placement

Phase 2.1 Floorplanning
Phase 2.1 Floorplanning | Checksum: 1e3abae04

Time (s): cpu = 00:00:02 ; elapsed = 00:00:02 . Memory (MB): peak = 2039.406 ; gain = 0.000

Phase 2.2 Update Timing before SLR Path Opt
Phase 2.2 Update Timing before SLR Path Opt | Checksum: 20c7d3edb

Time (s): cpu = 00:00:02 ; elapsed = 00:00:02 . Memory (MB): peak = 2039.406 ; gain = 0.000

Phase 2.3 Post-Processing in Floorplanning
Phase 2.3 Post-Processing in Floorplanning | Checksum: 20c7d3edb

Time (s): cpu = 00:00:02 ; elapsed = 00:00:02 . Memory (MB): peak = 2039.406 ; gain = 0.000

Phase 2.4 Global Placement Core

Phase 2.4.1 UpdateTiming Before Physical Synthesis
Phase 2.4.1 UpdateTiming Before Physical Synthesis | Checksum: 1ec7cf79d

Time (s): cpu = 00:00:09 ; elapsed = 00:00:10 . Memory (MB): peak = 2039.406 ; gain = 0.000

Phase 2.4.2 Physical Synthesis In Placer
INFO: [Physopt 32-1035] Found 0 LUTNM shape to break, 11 LUT instances to create LUTNM shape
INFO: [Physopt 32-1044] Break lutnm for timing: one critical 0, two critical 0, total 0, new lutff created 0
INFO: [Physopt 32-1138] End 1 Pass. Optimized 4 nets or LUTs. Breaked 0 LUT, combined 4 existing LUTs and moved 0 existing LUT
INFO: [Physopt 32-65] No nets found for high-fanout optimization.
INFO: [Physopt 32-232] Optimized 0 net. Created 0 new instance.
INFO: [Physopt 32-775] End 1 Pass. Optimized 0 net or cell. Created 0 new cell, deleted 0 existing cell and moved 0 existing cell
INFO: [Physopt 32-670] No setup violation found.  DSP Register Optimization was not performed.
INFO: [Physopt 32-670] No setup violation found.  Shift Register to Pipeline Optimization was not performed.
INFO: [Physopt 32-670] No setup violation found.  Shift Register Optimization was not performed.
INFO: [Physopt 32-670] No setup violation found.  BRAM Register Optimization was not performed.
INFO: [Physopt 32-670] No setup violation found.  URAM Register Optimization was not performed.
INFO: [Physopt 32-949] No candidate nets found for dynamic/static region interface net replication
INFO: [Physopt 32-775] End 1 Pass. Optimized 0 net or cell. Created 0 new cell, deleted 0 existing cell and moved 0 existing cell
Netlist sorting complete. Time (s): cpu = 00:00:00 ; elapsed = 00:00:00.001 . Memory (MB): peak = 2039.406 ; gain = 0.000

Summary of Physical Synthesis Optimizations
============================================


-----------------------------------------------------------------------------------------------------------------------------------------------------------
|  Optimization                                     |  Added Cells  |  Removed Cells  |  Optimized Cells/Nets  |  Dont Touch  |  Iterations  |  Elapsed   |
-----------------------------------------------------------------------------------------------------------------------------------------------------------
|  LUT Combining                                    |            0  |              4  |                     4  |           0  |           1  |  00:00:00  |
|  Retime                                           |            0  |              0  |                     0  |           0  |           1  |  00:00:00  |
|  Very High Fanout                                 |            0  |              0  |                     0  |           0  |           1  |  00:00:00  |
|  DSP Register                                     |            0  |              0  |                     0  |           0  |           0  |  00:00:00  |
|  Shift Register to Pipeline                       |            0  |              0  |                     0  |           0  |           0  |  00:00:00  |
|  Shift Register                                   |            0  |              0  |                     0  |           0  |           0  |  00:00:00  |
|  BRAM Register                                    |            0  |              0  |                     0  |           0  |           0  |  00:00:00  |
|  URAM Register                                    |            0  |              0  |                     0  |           0  |           0  |  00:00:00  |
|  Dynamic/Static Region Interface Net Replication  |            0  |              0  |                     0  |           0  |           1  |  00:00:00  |
|  Total                                            |            0  |              4  |                     4  |           0  |           4  |  00:00:00  |
-----------------------------------------------------------------------------------------------------------------------------------------------------------


Phase 2.4.2 Physical Synthesis In Placer | Checksum: 1d27a49ba

Time (s): cpu = 00:00:09 ; elapsed = 00:00:10 . Memory (MB): peak = 2039.406 ; gain = 0.000
Phase 2.4 Global Placement Core | Checksum: 24557cf95

Time (s): cpu = 00:00:10 ; elapsed = 00:00:10 . Memory (MB): peak = 2039.406 ; gain = 0.000
Phase 2 Global Placement | Checksum: 24557cf95

Time (s): cpu = 00:00:10 ; elapsed = 00:00:10 . Memory (MB): peak = 2039.406 ; gain = 0.000

Phase 3 Detail Placement

Phase 3.1 Commit Multi Column Macros
Phase 3.1 Commit Multi Column Macros | Checksum: 1cd951b0e

Time (s): cpu = 00:00:10 ; elapsed = 00:00:11 . Memory (MB): peak = 2039.406 ; gain = 0.000

Phase 3.2 Commit Most Macros & LUTRAMs
Phase 3.2 Commit Most Macros & LUTRAMs | Checksum: 2e0d4244e

Time (s): cpu = 00:00:10 ; elapsed = 00:00:11 . Memory (MB): peak = 2039.406 ; gain = 0.000

Phase 3.3 Area Swap Optimization
Phase 3.3 Area Swap Optimization | Checksum: 2182e9662

Time (s): cpu = 00:00:11 ; elapsed = 00:00:11 . Memory (MB): peak = 2039.406 ; gain = 0.000

Phase 3.4 Pipeline Register Optimization
Phase 3.4 Pipeline Register Optimization | Checksum: 2a83e20c6

Time (s): cpu = 00:00:11 ; elapsed = 00:00:11 . Memory (MB): peak = 2039.406 ; gain = 0.000

Phase 3.5 Small Shape Detail Placement
Phase 3.5 Small Shape Detail Placement | Checksum: 2a9cbf699

Time (s): cpu = 00:00:11 ; elapsed = 00:00:12 . Memory (MB): peak = 2039.406 ; gain = 0.000

Phase 3.6 Re-assign LUT pins
Phase 3.6 Re-assign LUT pins | Checksum: 2c4936416

Time (s): cpu = 00:00:11 ; elapsed = 00:00:12 . Memory (MB): peak = 2039.406 ; gain = 0.000

Phase 3.7 Pipeline Register Optimization
Phase 3.7 Pipeline Register Optimization | Checksum: 234a3ee52

Time (s): cpu = 00:00:11 ; elapsed = 00:00:12 . Memory (MB): peak = 2039.406 ; gain = 0.000
Phase 3 Detail Placement | Checksum: 234a3ee52

Time (s): cpu = 00:00:11 ; elapsed = 00:00:12 . Memory (MB): peak = 2039.406 ; gain = 0.000

Phase 4 Post Placement Optimization and Clean-Up

Phase 4.1 Post Commit Optimization
INFO: [Timing 38-35] Done setting XDC timing constraints.

Phase 4.1.1 Post Placement Optimization
Post Placement Optimization Initialization | Checksum: 1b9e28aeb

Phase 4.1.1.1 BUFG Insertion

Starting Physical Synthesis Task

Phase 1 Physical Synthesis Initialization
INFO: [Physopt 32-721] Multithreading enabled for phys_opt_design using a maximum of 2 CPUs
INFO: [Physopt 32-619] Estimated Timing Summary | WNS=1.094 | TNS=0.000 |
Phase 1 Physical Synthesis Initialization | Checksum: ad263d73

Time (s): cpu = 00:00:00 ; elapsed = 00:00:00.065 . Memory (MB): peak = 2039.406 ; gain = 0.000
INFO: [Place 46-56] BUFG insertion identified 0 candidate nets. Inserted BUFG: 0, Replicated BUFG Driver: 0, Skipped due to Placement/Routing Conflicts: 0, Skipped due to Timing Degradation: 0, Skipped due to netlist editing failed: 0.
Ending Physical Synthesis Task | Checksum: 199f826ce

Time (s): cpu = 00:00:00 ; elapsed = 00:00:00.079 . Memory (MB): peak = 2039.406 ; gain = 0.000
Phase 4.1.1.1 BUFG Insertion | Checksum: 1b9e28aeb

Time (s): cpu = 00:00:12 ; elapsed = 00:00:13 . Memory (MB): peak = 2039.406 ; gain = 0.000

Phase 4.1.1.2 Post Placement Timing Optimization
INFO: [Place 30-746] Post Placement Timing Summary WNS=1.094. For the most accurate timing information please run report_timing.
Phase 4.1.1.2 Post Placement Timing Optimization | Checksum: 2031496ec

Time (s): cpu = 00:00:12 ; elapsed = 00:00:13 . Memory (MB): peak = 2039.406 ; gain = 0.000

Time (s): cpu = 00:00:12 ; elapsed = 00:00:13 . Memory (MB): peak = 2039.406 ; gain = 0.000
Phase 4.1 Post Commit Optimization | Checksum: 2031496ec

Time (s): cpu = 00:00:12 ; elapsed = 00:00:13 . Memory (MB): peak = 2039.406 ; gain = 0.000

Phase 4.2 Post Placement Cleanup
Phase 4.2 Post Placement Cleanup | Checksum: 2031496ec

Time (s): cpu = 00:00:12 ; elapsed = 00:00:13 . Memory (MB): peak = 2039.406 ; gain = 0.000

Phase 4.3 Placer Reporting

Phase 4.3.1 Print Estimated Congestion
INFO: [Place 30-612] Post-Placement Estimated Congestion 
 ____________________________________________________
|           | Global Congestion | Short Congestion  |
| Direction | Region Size       | Region Size       |
|___________|___________________|___________________|
|      North|                1x1|                1x1|
|___________|___________________|___________________|
|      South|                1x1|                1x1|
|___________|___________________|___________________|
|       East|                1x1|                2x2|
|___________|___________________|___________________|
|       West|                1x1|                1x1|
|___________|___________________|___________________|

Phase 4.3.1 Print Estimated Congestion | Checksum: 2031496ec

Time (s): cpu = 00:00:12 ; elapsed = 00:00:13 . Memory (MB): peak = 2039.406 ; gain = 0.000
Phase 4.3 Placer Reporting | Checksum: 2031496ec

Time (s): cpu = 00:00:12 ; elapsed = 00:00:13 . Memory (MB): peak = 2039.406 ; gain = 0.000

Phase 4.4 Final Placement Cleanup
Netlist sorting complete. Time (s): cpu = 00:00:00 ; elapsed = 00:00:00 . Memory (MB): peak = 2039.406 ; gain = 0.000

Time (s): cpu = 00:00:12 ; elapsed = 00:00:13 . Memory (MB): peak = 2039.406 ; gain = 0.000
Phase 4 Post Placement Optimization and Clean-Up | Checksum: 25915b17b

Time (s): cpu = 00:00:12 ; elapsed = 00:00:13 . Memory (MB): peak = 2039.406 ; gain = 0.000
Ending Placer Task | Checksum: 1e7c56e52

Time (s): cpu = 00:00:12 ; elapsed = 00:00:13 . Memory (MB): peak = 2039.406 ; gain = 0.000
63 Infos, 1 Warnings, 0 Critical Warnings and 0 Errors encountered.
place_design completed successfully
place_design: Time (s): cpu = 00:00:20 ; elapsed = 00:00:18 . Memory (MB): peak = 2039.406 ; gain = 0.000
INFO: [Vivado 12-24838] Running report commands "report_control_sets, report_io, report_utilization" in parallel.
Running report generation with 2 threads.
INFO: [Vivado 12-24828] Executing command : report_utilization -file open_list_queue_utilization_placed.rpt -pb open_list_queue_utilization_placed.pb
INFO: [Vivado 12-24828] Executing command : report_control_sets -verbose -file open_list_queue_control_sets_placed.rpt
report_control_sets: Time (s): cpu = 00:00:00 ; elapsed = 00:00:00.004 . Memory (MB): peak = 2039.406 ; gain = 0.000
INFO: [Vivado 12-24828] Executing command : report_io -file open_list_queue_io_placed.rpt
report_io: Time (s): cpu = 00:00:00 ; elapsed = 00:00:00.174 . Memory (MB): peak = 2039.406 ; gain = 0.000
INFO: [Timing 38-480] Writing timing data to binary archive.
Write ShapeDB Complete: Time (s): cpu = 00:00:00 ; elapsed = 00:00:00.041 . Memory (MB): peak = 2039.406 ; gain = 0.000
Wrote PlaceDB: Time (s): cpu = 00:00:00 ; elapsed = 00:00:00.291 . Memory (MB): peak = 2039.406 ; gain = 0.000
Wrote PulsedLatchDB: Time (s): cpu = 00:00:00 ; elapsed = 00:00:00 . Memory (MB): peak = 2039.406 ; gain = 0.000
Writing XDEF routing.
Writing XDEF routing logical nets.
Writing XDEF routing special nets.
Wrote RouteStorage: Time (s): cpu = 00:00:00 ; elapsed = 00:00:00.054 . Memory (MB): peak = 2039.406 ; gain = 0.000
Wrote Netlist Cache: Time (s): cpu = 00:00:00 ; elapsed = 00:00:00.005 . Memory (MB): peak = 2039.406 ; gain = 0.000
Wrote Device Cache: Time (s): cpu = 00:00:00 ; elapsed = 00:00:00.020 . Memory (MB): peak = 2039.406 ; gain = 0.000
Write Physdb Complete: Time (s): cpu = 00:00:00 ; elapsed = 00:00:00.384 . Memory (MB): peak = 2039.406 ; gain = 0.000
INFO: [Common 17-1381] The checkpoint 'C:/Mac/Home/Documents/Vivado/zhou_2020_hwpq/zhou_2020_hwpq.runs/impl_1/open_list_queue_placed.dcp' has been generated.
Command: phys_opt_design
Attempting to get a license for feature 'Implementation' and/or device 'xc7a35t'
INFO: [Common 17-349] Got license for feature 'Implementation' and/or device 'xc7a35t'

Starting Initial Update Timing Task

Time (s): cpu = 00:00:01 ; elapsed = 00:00:00.234 . Memory (MB): peak = 2048.797 ; gain = 9.391
INFO: [Vivado_Tcl 4-2279] Estimated Timing Summary | WNS= 1.094 | TNS= 0.000 | 
INFO: [Vivado_Tcl 4-383] Design worst setup slack (WNS) is greater than or equal to 0.000 ns. All physical synthesis setup optimizations will be skipped.
INFO: [Vivado_Tcl 4-232] No setup violation found. The netlist was not modified.
INFO: [Common 17-83] Releasing license: Implementation
74 Infos, 1 Warnings, 0 Critical Warnings and 0 Errors encountered.
phys_opt_design completed successfully
Write ShapeDB Complete: Time (s): cpu = 00:00:00 ; elapsed = 00:00:00.016 . Memory (MB): peak = 2066.699 ; gain = 0.000
INFO: [Timing 38-480] Writing timing data to binary archive.
Wrote PlaceDB: Time (s): cpu = 00:00:00 ; elapsed = 00:00:00.248 . Memory (MB): peak = 2066.699 ; gain = 0.000
Wrote PulsedLatchDB: Time (s): cpu = 00:00:00 ; elapsed = 00:00:00 . Memory (MB): peak = 2066.699 ; gain = 0.000
Writing XDEF routing.
Writing XDEF routing logical nets.
Writing XDEF routing special nets.
Wrote RouteStorage: Time (s): cpu = 00:00:00 ; elapsed = 00:00:00.055 . Memory (MB): peak = 2066.699 ; gain = 0.000
Wrote Netlist Cache: Time (s): cpu = 00:00:00 ; elapsed = 00:00:00.006 . Memory (MB): peak = 2066.699 ; gain = 0.000
Wrote Device Cache: Time (s): cpu = 00:00:00 ; elapsed = 00:00:00.019 . Memory (MB): peak = 2066.699 ; gain = 0.000
Write Physdb Complete: Time (s): cpu = 00:00:00 ; elapsed = 00:00:00.342 . Memory (MB): peak = 2066.699 ; gain = 0.000
INFO: [Common 17-1381] The checkpoint 'C:/Mac/Home/Documents/Vivado/zhou_2020_hwpq/zhou_2020_hwpq.runs/impl_1/open_list_queue_physopt.dcp' has been generated.
Command: route_design
Attempting to get a license for feature 'Implementation' and/or device 'xc7a35t'
INFO: [Common 17-349] Got license for feature 'Implementation' and/or device 'xc7a35t'
Running DRC as a precondition to command route_design
INFO: [DRC 23-27] Running DRC with 2 threads
INFO: [Vivado_Tcl 4-198] DRC finished with 0 Errors
INFO: [Vivado_Tcl 4-199] Please refer to the DRC report (report_drc) for more information.


Starting Routing Task
INFO: [Route 35-254] Multithreading enabled for route_design using a maximum of 8 CPUs

Phase 1 Build RT Design
Checksum: PlaceDB: 746ec42c ConstDB: 0 ShapeSum: d2d54dcf RouteDB: a0815c57
Post Restoration Checksum: NetGraph: 751dec42 | NumContArr: 9eb4ddbd | Constraints: c2a8fa9d | Timing: c2a8fa9d
Phase 1 Build RT Design | Checksum: 29924bf39

Time (s): cpu = 00:00:36 ; elapsed = 00:00:33 . Memory (MB): peak = 2171.074 ; gain = 89.566

Phase 2 Router Initialization

Phase 2.1 Fix Topology Constraints
Phase 2.1 Fix Topology Constraints | Checksum: 29924bf39

Time (s): cpu = 00:00:36 ; elapsed = 00:00:33 . Memory (MB): peak = 2171.074 ; gain = 89.566

Phase 2.2 Pre Route Cleanup
Phase 2.2 Pre Route Cleanup | Checksum: 29924bf39

Time (s): cpu = 00:00:36 ; elapsed = 00:00:33 . Memory (MB): peak = 2171.074 ; gain = 89.566
 Number of Nodes with overlaps = 0

Phase 2.3 Update Timing
Phase 2.3 Update Timing | Checksum: 2afa28b19

Time (s): cpu = 00:00:37 ; elapsed = 00:00:34 . Memory (MB): peak = 2221.691 ; gain = 140.184
INFO: [Route 35-416] Intermediate Timing Summary | WNS=1.289  | TNS=0.000  | WHS=-0.146 | THS=-6.437 |


Router Utilization Summary
  Global Vertical Routing Utilization    = 0 %
  Global Horizontal Routing Utilization  = 0 %
  Routable Net Status*
  *Does not include unroutable nets such as driverless and loadless.
  Run report_route_status for detailed report.
  Number of Failed Nets               = 502
    (Failed Nets is the sum of unrouted and partially routed nets)
  Number of Unrouted Nets             = 502
  Number of Partially Routed Nets     = 0
  Number of Node Overlaps             = 0

Phase 2 Router Initialization | Checksum: 3731aed6c

Time (s): cpu = 00:00:38 ; elapsed = 00:00:34 . Memory (MB): peak = 2221.691 ; gain = 140.184

Phase 3 Global Routing
Phase 3 Global Routing | Checksum: 3731aed6c

Time (s): cpu = 00:00:38 ; elapsed = 00:00:34 . Memory (MB): peak = 2221.691 ; gain = 140.184

Phase 4 Initial Routing

Phase 4.1 Initial Net Routing Pass
Phase 4.1 Initial Net Routing Pass | Checksum: 2149b6a1b

Time (s): cpu = 00:00:38 ; elapsed = 00:00:34 . Memory (MB): peak = 2221.691 ; gain = 140.184
Phase 4 Initial Routing | Checksum: 2149b6a1b

Time (s): cpu = 00:00:38 ; elapsed = 00:00:34 . Memory (MB): peak = 2221.691 ; gain = 140.184

Phase 5 Rip-up And Reroute

Phase 5.1 Global Iteration 0
 Number of Nodes with overlaps = 333
 Number of Nodes with overlaps = 160
 Number of Nodes with overlaps = 119
 Number of Nodes with overlaps = 67
 Number of Nodes with overlaps = 27
 Number of Nodes with overlaps = 7
 Number of Nodes with overlaps = 2
 Number of Nodes with overlaps = 1
 Number of Nodes with overlaps = 0
INFO: [Route 35-416] Intermediate Timing Summary | WNS=1.111  | TNS=0.000  | WHS=N/A    | THS=N/A    |

Phase 5.1 Global Iteration 0 | Checksum: 2584fb950

Time (s): cpu = 00:00:45 ; elapsed = 00:00:37 . Memory (MB): peak = 2221.691 ; gain = 140.184
Phase 5 Rip-up And Reroute | Checksum: 2584fb950

Time (s): cpu = 00:00:45 ; elapsed = 00:00:37 . Memory (MB): peak = 2221.691 ; gain = 140.184

Phase 6 Delay and Skew Optimization

Phase 6.1 Delay CleanUp

Phase 6.1.1 Update Timing
Phase 6.1.1 Update Timing | Checksum: 2266b1f8c

Time (s): cpu = 00:00:45 ; elapsed = 00:00:38 . Memory (MB): peak = 2221.691 ; gain = 140.184
INFO: [Route 35-416] Intermediate Timing Summary | WNS=1.190  | TNS=0.000  | WHS=N/A    | THS=N/A    |

Phase 6.1 Delay CleanUp | Checksum: 2266b1f8c

Time (s): cpu = 00:00:45 ; elapsed = 00:00:38 . Memory (MB): peak = 2221.691 ; gain = 140.184

Phase 6.2 Clock Skew Optimization
Phase 6.2 Clock Skew Optimization | Checksum: 2266b1f8c

Time (s): cpu = 00:00:45 ; elapsed = 00:00:38 . Memory (MB): peak = 2221.691 ; gain = 140.184
Phase 6 Delay and Skew Optimization | Checksum: 2266b1f8c

Time (s): cpu = 00:00:45 ; elapsed = 00:00:38 . Memory (MB): peak = 2221.691 ; gain = 140.184

Phase 7 Post Hold Fix

Phase 7.1 Hold Fix Iter
INFO: [Route 35-416] Intermediate Timing Summary | WNS=1.190  | TNS=0.000  | WHS=0.127  | THS=0.000  |

Phase 7.1 Hold Fix Iter | Checksum: 2566c7d4c

Time (s): cpu = 00:00:45 ; elapsed = 00:00:38 . Memory (MB): peak = 2221.691 ; gain = 140.184
Phase 7 Post Hold Fix | Checksum: 2566c7d4c

Time (s): cpu = 00:00:45 ; elapsed = 00:00:38 . Memory (MB): peak = 2221.691 ; gain = 140.184

Phase 8 Route finalize

Router Utilization Summary
  Global Vertical Routing Utilization    = 0.521486 %
  Global Horizontal Routing Utilization  = 0.529672 %
  Routable Net Status*
  *Does not include unroutable nets such as driverless and loadless.
  Run report_route_status for detailed report.
  Number of Failed Nets               = 0
    (Failed Nets is the sum of unrouted and partially routed nets)
  Number of Unrouted Nets             = 0
  Number of Partially Routed Nets     = 0
  Number of Node Overlaps             = 0

Phase 8 Route finalize | Checksum: 2566c7d4c

Time (s): cpu = 00:00:45 ; elapsed = 00:00:38 . Memory (MB): peak = 2221.691 ; gain = 140.184

Phase 9 Verifying routed nets

 Verification completed successfully
Phase 9 Verifying routed nets | Checksum: 2566c7d4c

Time (s): cpu = 00:00:45 ; elapsed = 00:00:38 . Memory (MB): peak = 2221.691 ; gain = 140.184

Phase 10 Depositing Routes
Phase 10 Depositing Routes | Checksum: 212892db0

Time (s): cpu = 00:00:45 ; elapsed = 00:00:38 . Memory (MB): peak = 2221.691 ; gain = 140.184

Phase 11 Post Process Routing
Phase 11 Post Process Routing | Checksum: 212892db0

Time (s): cpu = 00:00:45 ; elapsed = 00:00:38 . Memory (MB): peak = 2221.691 ; gain = 140.184

Phase 12 Post Router Timing
INFO: [Route 35-57] Estimated Timing Summary | WNS=1.190  | TNS=0.000  | WHS=0.127  | THS=0.000  |

INFO: [Route 35-327] The final timing numbers are based on the router estimated timing analysis. For a complete and accurate timing signoff, please run report_timing_summary.
Phase 12 Post Router Timing | Checksum: 212892db0

Time (s): cpu = 00:00:45 ; elapsed = 00:00:38 . Memory (MB): peak = 2221.691 ; gain = 140.184
Total Elapsed time in route_design: 37.623 secs

Phase 13 Post-Route Event Processing
Phase 13 Post-Route Event Processing | Checksum: 217f310c6

Time (s): cpu = 00:00:45 ; elapsed = 00:00:38 . Memory (MB): peak = 2221.691 ; gain = 140.184
INFO: [Route 35-16] Router Completed Successfully
Ending Routing Task | Checksum: 217f310c6

Time (s): cpu = 00:00:45 ; elapsed = 00:00:38 . Memory (MB): peak = 2221.691 ; gain = 140.184

Routing Is Done.
INFO: [Common 17-83] Releasing license: Implementation
89 Infos, 1 Warnings, 0 Critical Warnings and 0 Errors encountered.
route_design completed successfully
route_design: Time (s): cpu = 00:00:50 ; elapsed = 00:00:41 . Memory (MB): peak = 2221.691 ; gain = 154.992
INFO: [Vivado 12-24828] Executing command : report_drc -file open_list_queue_drc_routed.rpt -pb open_list_queue_drc_routed.pb -rpx open_list_queue_drc_routed.rpx
Command: report_drc -file open_list_queue_drc_routed.rpt -pb open_list_queue_drc_routed.pb -rpx open_list_queue_drc_routed.rpx
INFO: [IP_Flow 19-1839] IP Catalog is up to date.
INFO: [DRC 23-27] Running DRC with 2 threads
INFO: [Vivado_Tcl 2-168] The results of DRC are in file C:/Mac/Home/Documents/Vivado/zhou_2020_hwpq/zhou_2020_hwpq.runs/impl_1/open_list_queue_drc_routed.rpt.
report_drc completed successfully
report_drc: Time (s): cpu = 00:00:10 ; elapsed = 00:00:06 . Memory (MB): peak = 2221.691 ; gain = 0.000
INFO: [Vivado 12-24828] Executing command : report_methodology -file open_list_queue_methodology_drc_routed.rpt -pb open_list_queue_methodology_drc_routed.pb -rpx open_list_queue_methodology_drc_routed.rpx
Command: report_methodology -file open_list_queue_methodology_drc_routed.rpt -pb open_list_queue_methodology_drc_routed.pb -rpx open_list_queue_methodology_drc_routed.rpx
INFO: [Timing 38-35] Done setting XDC timing constraints.
INFO: [DRC 23-133] Running Methodology with 2 threads
INFO: [Vivado_Tcl 2-1520] The results of Report Methodology are in file C:/Mac/Home/Documents/Vivado/zhou_2020_hwpq/zhou_2020_hwpq.runs/impl_1/open_list_queue_methodology_drc_routed.rpt.
report_methodology completed successfully
INFO: [Vivado 12-24828] Executing command : report_timing_summary -max_paths 10 -report_unconstrained -file open_list_queue_timing_summary_routed.rpt -pb open_list_queue_timing_summary_routed.pb -rpx open_list_queue_timing_summary_routed.rpx -warn_on_violation 
INFO: [Timing 38-35] Done setting XDC timing constraints.
INFO: [Timing 38-91] UpdateTimingParams: Speed grade: -1, Delay Type: min_max.
INFO: [Timing 38-191] Multithreading enabled for timing update using a maximum of 2 CPUs
INFO: [Vivado 12-24838] Running report commands "report_incremental_reuse, report_route_status" in parallel.
Running report generation with 2 threads.
INFO: [Vivado 12-24828] Executing command : report_incremental_reuse -file open_list_queue_incremental_reuse_routed.rpt
INFO: [Vivado_Tcl 4-1062] Incremental flow is disabled. No incremental reuse Info to report.
INFO: [Vivado 12-24828] Executing command : report_route_status -file open_list_queue_route_status.rpt -pb open_list_queue_route_status.pb
INFO: [Vivado 12-24828] Executing command : report_power -file open_list_queue_power_routed.rpt -pb open_list_queue_power_summary_routed.pb -rpx open_list_queue_power_routed.rpx
Command: report_power -file open_list_queue_power_routed.rpt -pb open_list_queue_power_summary_routed.pb -rpx open_list_queue_power_routed.rpx
Running Vector-less Activity Propagation...

Finished Running Vector-less Activity Propagation
106 Infos, 1 Warnings, 0 Critical Warnings and 0 Errors encountered.
report_power completed successfully
INFO: [Vivado 12-24828] Executing command : report_clock_utilization -file open_list_queue_clock_utilization_routed.rpt
WARNING: [Device 21-9320] Failed to find the Oracle tile group with name 'HSR_BOUNDARY_TOP'. This is required for Clock regions and Virtual grid.
WARNING: [Device 21-2174] Failed to initialize Virtual grid.
INFO: [Vivado 12-24828] Executing command : report_bus_skew -warn_on_violation -file open_list_queue_bus_skew_routed.rpt -pb open_list_queue_bus_skew_routed.pb -rpx open_list_queue_bus_skew_routed.rpx
INFO: [Timing 38-91] UpdateTimingParams: Speed grade: -1, Delay Type: min_max.
INFO: [Timing 38-191] Multithreading enabled for timing update using a maximum of 2 CPUs
generate_parallel_reports: Time (s): cpu = 00:00:18 ; elapsed = 00:00:11 . Memory (MB): peak = 2222.820 ; gain = 1.129
INFO: [Timing 38-480] Writing timing data to binary archive.
Write ShapeDB Complete: Time (s): cpu = 00:00:00 ; elapsed = 00:00:00.017 . Memory (MB): peak = 2222.820 ; gain = 0.000
Wrote PlaceDB: Time (s): cpu = 00:00:00 ; elapsed = 00:00:00.241 . Memory (MB): peak = 2222.820 ; gain = 0.000
Wrote PulsedLatchDB: Time (s): cpu = 00:00:00 ; elapsed = 00:00:00 . Memory (MB): peak = 2222.820 ; gain = 0.000
Writing XDEF routing.
Writing XDEF routing logical nets.
Writing XDEF routing special nets.
Wrote RouteStorage: Time (s): cpu = 00:00:00 ; elapsed = 00:00:00.076 . Memory (MB): peak = 2222.820 ; gain = 0.000
Wrote Netlist Cache: Time (s): cpu = 00:00:00 ; elapsed = 00:00:00.005 . Memory (MB): peak = 2222.820 ; gain = 0.000
Wrote Device Cache: Time (s): cpu = 00:00:00 ; elapsed = 00:00:00.018 . Memory (MB): peak = 2222.820 ; gain = 0.000
Write Physdb Complete: Time (s): cpu = 00:00:00 ; elapsed = 00:00:00.352 . Memory (MB): peak = 2222.820 ; gain = 0.000
INFO: [Common 17-1381] The checkpoint 'C:/Mac/Home/Documents/Vivado/zhou_2020_hwpq/zhou_2020_hwpq.runs/impl_1/open_list_queue_routed.dcp' has been generated.
INFO: [Common 17-206] Exiting Vivado at Thu Aug  1 14:10:18 2024...
